<?xml version="1.0" encoding="UTF-8"?>
<TestRun id="4394eaa3-7d46-4241-9dfc-1c0fd0def300" name="robiboi@ROBIBOI-PC 2011-05-01 22:00:58" runUser="robiboi-PC\robiboi" xmlns="http://microsoft.com/schemas/VisualStudio/TeamTest/2010">
  <TestSettings name="Local" id="3ffd31cd-dd25-481f-88d6-e5a216f1f9dc">
    <Description>These are default test settings for a local test run.</Description>
    <Deployment enabled="false" runDeploymentRoot="robiboi_ROBIBOI-PC 2011-05-01 22_00_58">
      <DeploymentItem filename="D:\WebFiles\onecontainerline\OneContainerline\OneContainerlineBL\bin\Debug\OneContainerlineBL.dll" />
    </Deployment>
    <Execution>
      <TestTypeSpecific />
      <AgentRule name="Execution Agents">
      </AgentRule>
    </Execution>
  </TestSettings>
  <Times creation="2011-05-01T22:00:58.2218573+08:00" queuing="2011-05-01T22:00:58.5328751+08:00" start="2011-05-01T22:00:58.6188800+08:00" finish="2011-05-01T22:01:01.1610254+08:00" />
  <ResultSummary outcome="Completed">
    <Counters total="1" executed="1" passed="1" error="0" failed="0" timeout="0" aborted="0" inconclusive="0" passedButRunAborted="0" notRunnable="0" notExecuted="0" disconnected="0" warning="0" completed="0" inProgress="0" pending="0" />
  </ResultSummary>
  <TestDefinitions>
    <UnitTest name="InsertCountryText" storage="d:\webfiles\onecontainerline\onecontainerline\testproject1\bin\debug\testproject1.dll" id="6ac5956e-5801-7af9-f24b-b112eb8862dd">
      <Execution id="146c7a57-610b-495f-97d4-93874f9ca736" />
      <TestMethod codeBase="D:/WebFiles/onecontainerline/OneContainerline/TestProject1/bin/Debug/TestProject1.DLL" adapterTypeName="Microsoft.VisualStudio.TestTools.TestTypes.Unit.UnitTestAdapter, Microsoft.VisualStudio.QualityTools.Tips.UnitTest.Adapter, Version=10.0.0.0, Culture=neutral, PublicKeyToken=b03f5f7f11d50a3a" className="TestProject1.UnitTest1, TestProject1, Version=1.0.0.0, Culture=neutral, PublicKeyToken=null" name="InsertCountryText" />
    </UnitTest>
  </TestDefinitions>
  <TestLists>
    <TestList name="Results Not in a List" id="8c84fa94-04c1-424b-9868-57a2d4851a1d" />
    <TestList name="All Loaded Results" id="19431567-8539-422a-85d7-44ee4e166bda" />
  </TestLists>
  <TestEntries>
    <TestEntry testId="6ac5956e-5801-7af9-f24b-b112eb8862dd" executionId="146c7a57-610b-495f-97d4-93874f9ca736" testListId="8c84fa94-04c1-424b-9868-57a2d4851a1d" />
  </TestEntries>
  <Results>
    <UnitTestResult executionId="146c7a57-610b-495f-97d4-93874f9ca736" testId="6ac5956e-5801-7af9-f24b-b112eb8862dd" testName="InsertCountryText" computerName="ROBIBOI-PC" duration="00:00:00.3702633" startTime="2011-05-01T22:00:58.6398812+08:00" endTime="2011-05-01T22:00:59.5069308+08:00" testType="13cdc9d9-ddb5-4fa4-a97d-d965ccfc6d4b" outcome="Passed" testListId="8c84fa94-04c1-424b-9868-57a2d4851a1d" relativeResultsDirectory="146c7a57-610b-495f-97d4-93874f9ca736">
    </UnitTestResult>
  </Results>
</TestRun>