<?xml version="1.0" encoding="UTF-8"?>
<TestRun id="b021259a-c3fd-4797-8b48-992203c9fa2a" name="robiboi@ROBIBOI-PC 2011-05-01 21:53:05" runUser="robiboi-PC\robiboi" xmlns="http://microsoft.com/schemas/VisualStudio/TeamTest/2010">
  <TestSettings name="Local" id="3ffd31cd-dd25-481f-88d6-e5a216f1f9dc">
    <Description>These are default test settings for a local test run.</Description>
    <Deployment enabled="false" runDeploymentRoot="robiboi_ROBIBOI-PC 2011-05-01 21_53_05">
      <DeploymentItem filename="D:\WebFiles\onecontainerline\OneContainerline\OneContainerlineBL\bin\Debug\OneContainerlineBL.dll" />
    </Deployment>
    <Execution>
      <TestTypeSpecific />
      <AgentRule name="Execution Agents">
      </AgentRule>
    </Execution>
  </TestSettings>
  <Times creation="2011-05-01T21:53:05.2988077+08:00" queuing="2011-05-01T21:53:06.0948532+08:00" start="2011-05-01T21:53:06.2378614+08:00" finish="2011-05-01T21:53:07.4209291+08:00" />
  <ResultSummary outcome="Failed">
    <Counters total="1" executed="1" error="0" failed="1" timeout="0" aborted="0" inconclusive="0" passedButRunAborted="0" notRunnable="0" notExecuted="0" disconnected="0" warning="0" passed="0" completed="0" inProgress="0" pending="0" />
  </ResultSummary>
  <TestDefinitions>
    <UnitTest name="InsertCountryText" storage="d:\webfiles\onecontainerline\onecontainerline\testproject1\bin\debug\testproject1.dll" id="6ac5956e-5801-7af9-f24b-b112eb8862dd">
      <Execution id="13a493f2-f47e-4cf8-bc06-2f75ca8af706" />
      <TestMethod codeBase="D:/WebFiles/onecontainerline/OneContainerline/TestProject1/bin/Debug/TestProject1.DLL" adapterTypeName="Microsoft.VisualStudio.TestTools.TestTypes.Unit.UnitTestAdapter, Microsoft.VisualStudio.QualityTools.Tips.UnitTest.Adapter, Version=10.0.0.0, Culture=neutral, PublicKeyToken=b03f5f7f11d50a3a" className="TestProject1.UnitTest1, TestProject1, Version=1.0.0.0, Culture=neutral, PublicKeyToken=null" name="InsertCountryText" />
    </UnitTest>
  </TestDefinitions>
  <TestLists>
    <TestList name="Results Not in a List" id="8c84fa94-04c1-424b-9868-57a2d4851a1d" />
    <TestList name="All Loaded Results" id="19431567-8539-422a-85d7-44ee4e166bda" />
  </TestLists>
  <TestEntries>
    <TestEntry testId="6ac5956e-5801-7af9-f24b-b112eb8862dd" executionId="13a493f2-f47e-4cf8-bc06-2f75ca8af706" testListId="8c84fa94-04c1-424b-9868-57a2d4851a1d" />
  </TestEntries>
  <Results>
    <UnitTestResult executionId="13a493f2-f47e-4cf8-bc06-2f75ca8af706" testId="6ac5956e-5801-7af9-f24b-b112eb8862dd" testName="InsertCountryText" computerName="ROBIBOI-PC" duration="00:00:00.1155725" startTime="2011-05-01T21:53:06.2968648+08:00" endTime="2011-05-01T21:53:07.2559196+08:00" testType="13cdc9d9-ddb5-4fa4-a97d-d965ccfc6d4b" outcome="Failed" testListId="8c84fa94-04c1-424b-9868-57a2d4851a1d" relativeResultsDirectory="13a493f2-f47e-4cf8-bc06-2f75ca8af706">
      <Output>
        <ErrorInfo>
          <Message>Test method TestProject1.UnitTest1.InsertCountryText threw exception: 
System.NullReferenceException: Object reference not set to an instance of an object.</Message>
          <StackTrace>    at OneContainerlineBL.CountryRepository..ctor() in D:\WebFiles\onecontainerline\OneContainerline\OneContainerlineBL\CountryRepository.cs:line 11
   at TestProject1.UnitTest1.InsertCountryText() in D:\WebFiles\onecontainerline\OneContainerline\TestProject1\UnitTest1.cs:line 65
</StackTrace>
        </ErrorInfo>
      </Output>
    </UnitTestResult>
  </Results>
</TestRun>