<?xml version="1.0" encoding="UTF-8"?>
<TestRun id="e3b7f543-38e8-4de2-b51b-5e43a35af878" name="robiboi@ROBIBOI-PC 2011-05-01 21:59:43" runUser="robiboi-PC\robiboi" xmlns="http://microsoft.com/schemas/VisualStudio/TeamTest/2010">
  <TestSettings name="Local" id="3ffd31cd-dd25-481f-88d6-e5a216f1f9dc">
    <Description>These are default test settings for a local test run.</Description>
    <Deployment enabled="false" runDeploymentRoot="robiboi_ROBIBOI-PC 2011-05-01 21_59_43">
      <DeploymentItem filename="D:\WebFiles\onecontainerline\OneContainerline\OneContainerlineBL\bin\Debug\OneContainerlineBL.dll" />
    </Deployment>
    <Execution>
      <TestTypeSpecific />
      <AgentRule name="Execution Agents">
      </AgentRule>
    </Execution>
  </TestSettings>
  <Times creation="2011-05-01T21:59:43.4315796+08:00" queuing="2011-05-01T21:59:45.3746907+08:00" start="2011-05-01T21:59:45.6317054+08:00" finish="2011-05-01T22:00:28.2731444+08:00" />
  <ResultSummary outcome="Error">
    <Counters total="1" executed="1" error="0" failed="0" timeout="0" aborted="1" inconclusive="0" passedButRunAborted="0" notRunnable="0" notExecuted="0" disconnected="0" warning="0" passed="0" completed="0" inProgress="0" pending="0" />
    <RunInfos>
      <RunInfo computerName="ROBIBOI-PC" outcome="Error" timestamp="2011-05-01T22:00:28.2711443+08:00">
        <Text>Test host process exited unexpectedly.</Text>
      </RunInfo>
    </RunInfos>
  </ResultSummary>
  <TestDefinitions>
    <UnitTest name="InsertCountryText" storage="d:\webfiles\onecontainerline\onecontainerline\testproject1\bin\debug\testproject1.dll" id="6ac5956e-5801-7af9-f24b-b112eb8862dd">
      <Execution id="3d58558f-dba1-4765-a5d5-2fb60ad96413" />
      <TestMethod codeBase="D:/WebFiles/onecontainerline/OneContainerline/TestProject1/bin/Debug/TestProject1.DLL" adapterTypeName="Microsoft.VisualStudio.TestTools.TestTypes.Unit.UnitTestAdapter, Microsoft.VisualStudio.QualityTools.Tips.UnitTest.Adapter, Version=10.0.0.0, Culture=neutral, PublicKeyToken=b03f5f7f11d50a3a" className="TestProject1.UnitTest1, TestProject1, Version=1.0.0.0, Culture=neutral, PublicKeyToken=null" name="InsertCountryText" />
    </UnitTest>
  </TestDefinitions>
  <TestLists>
    <TestList name="Results Not in a List" id="8c84fa94-04c1-424b-9868-57a2d4851a1d" />
    <TestList name="All Loaded Results" id="19431567-8539-422a-85d7-44ee4e166bda" />
  </TestLists>
  <TestEntries>
    <TestEntry testId="6ac5956e-5801-7af9-f24b-b112eb8862dd" executionId="3d58558f-dba1-4765-a5d5-2fb60ad96413" testListId="8c84fa94-04c1-424b-9868-57a2d4851a1d" />
  </TestEntries>
  <Results>
    <UnitTestResult executionId="3d58558f-dba1-4765-a5d5-2fb60ad96413" testId="6ac5956e-5801-7af9-f24b-b112eb8862dd" testName="InsertCountryText" computerName="ROBIBOI-PC" duration="00:00:42.4144260" startTime="2011-05-01T21:59:45.8587184+08:00" endTime="2011-05-01T22:00:28.2731444+08:00" testType="13cdc9d9-ddb5-4fa4-a97d-d965ccfc6d4b" outcome="Aborted" testListId="8c84fa94-04c1-424b-9868-57a2d4851a1d" relativeResultsDirectory="3d58558f-dba1-4765-a5d5-2fb60ad96413">
    </UnitTestResult>
  </Results>
</TestRun>